[2013:0119/110202.176351:ERROR:sandbox_linux.cc(374)] InitializeSandbox() called with multiple threads in process gpu-process.
Error occurred in handler for 'keychain:get-password': Error: No stored credentials fetched from keytar.
    at /usr/share/skypeforlinux/resources/app.asar/main.js:2:639019
    at async electron/js2c/browser_init.js:201:563
[1869:0119/110203.914933:ERROR:nss_util.cc(286)] After loading Root Certs, loaded==false: NSS error code: -8018
ioctl failed for wlan0, errno = 19 (No such device)
ioctl failed for wlp2s0, errno = 19 (No such device)
ioctl failed for wlp3s0, errno = 19 (No such device)
ioctl failed for wlp4s0, errno = 19 (No such device)
ioctl failed for wlan0, errno = 19 (No such device)
ioctl failed for wlp2s0, errno = 19 (No such device)
ioctl failed for wlp3s0, errno = 19 (No such device)
ioctl failed for wlp4s0, errno = 19 (No such device)
ioctl failed for wlan0, errno = 19 (No such device)
ioctl failed for wlp2s0, errno = 19 (No such device)
ioctl failed for wlp3s0, errno = 19 (No such device)
ioctl failed for wlp4s0, errno = 19 (No such device)
ioctl failed for wlan0, errno = 19 (No such device)
ioctl failed for wlp2s0, errno = 19 (No such device)
ioctl failed for wlp3s0, errno = 19 (No such device)
ioctl failed for wlp4s0, errno = 19 (No such device)
ioctl failed for wlan0, errno = 19 (No such device)
ioctl failed for wlp2s0, errno = 19 (No such device)
ioctl failed for wlp3s0, errno = 19 (No such device)
ioctl failed for wlp4s0, errno = 19 (No such device)
ioctl failed for wlan0, errno = 19 (No such device)
ioctl failed for wlp2s0, errno = 19 (No such device)
ioctl failed for wlp3s0, errno = 19 (No such device)
ioctl failed for wlp4s0, errno = 19 (No such device)
ioctl failed for wlan0, errno = 19 (No such device)
ioctl failed for wlp2s0, errno = 19 (No such device)
ioctl failed for wlp3s0, errno = 19 (No such device)
ioctl failed for wlp4s0, errno = 19 (No such device)
ioctl failed for wlan0, errno = 19 (No such device)
ioctl failed for wlp2s0, errno = 19 (No such device)
ioctl failed for wlp3s0, errno = 19 (No such device)
ioctl failed for wlp4s0, errno = 19 (No such device)
ioctl failed for wlan0, errno = 19 (No such device)
ioctl failed for wlp2s0, errno = 19 (No such device)
ioctl failed for wlp3s0, errno = 19 (No such device)
ioctl failed for wlp4s0, errno = 19 (No such device)
[1869:0119/185923.914528:ERROR:database.cc(1709)] Quota sqlite error 1032, errno 0: attempt to write a readonly database, sql: UPDATE OriginInfoTable SET last_modified_time = ? WHERE origin = ? AND type = ?
[2016:0119/185953.742744:ERROR:database.cc(1709)] Cookie sqlite error 1032, errno 0: attempt to write a readonly database, sql: UPDATE cookies SET last_access_utc=? WHERE name=? AND host_key=? AND path=?
[2016:0119/185953.742944:ERROR:database.cc(1709)] Cookie sqlite error 1032, errno 0: attempt to write a readonly database, sql: UPDATE cookies SET last_access_utc=? WHERE name=? AND host_key=? AND path=?
ioctl failed for wlan0, errno = 19 (No such device)
ioctl failed for wlp2s0, errno = 19 (No such device)
ioctl failed for wlp3s0, errno = 19 (No such device)
ioctl failed for wlp4s0, errno = 19 (No such device)
[1869:0119/190209.211760:ERROR:database.cc(1709)] Quota sqlite error 1032, errno 0: attempt to write a readonly database, sql: UPDATE OriginInfoTable SET last_modified_time = ? WHERE origin = ? AND type = ?
[2016:0119/190353.746683:ERROR:database.cc(1709)] Cookie sqlite error 1032, errno 0: attempt to write a readonly database, sql: UPDATE cookies SET last_access_utc=? WHERE name=? AND host_key=? AND path=?
[2016:0119/190353.746808:ERROR:database.cc(1709)] Cookie sqlite error 1032, errno 0: attempt to write a readonly database, sql: UPDATE cookies SET last_access_utc=? WHERE name=? AND host_key=? AND path=?
[2016:0119/190753.748978:ERROR:database.cc(1709)] Cookie sqlite error 1032, errno 0: attempt to write a readonly database, sql: UPDATE cookies SET last_access_utc=? WHERE name=? AND host_key=? AND path=?
[2016:0119/190753.749092:ERROR:database.cc(1709)] Cookie sqlite error 1032, errno 0: attempt to write a readonly database, sql: UPDATE cookies SET last_access_utc=? WHERE name=? AND host_key=? AND path=?
[2016:0119/191153.767255:ERROR:database.cc(1709)] Cookie sqlite error 1032, errno 0: attempt to write a readonly database, sql: UPDATE cookies SET last_access_utc=? WHERE name=? AND host_key=? AND path=?
[2016:0119/191153.767335:ERROR:database.cc(1709)] Cookie sqlite error 1032, errno 0: attempt to write a readonly database, sql: UPDATE cookies SET last_access_utc=? WHERE name=? AND host_key=? AND path=?
[2016:0119/191553.766500:ERROR:database.cc(1709)] Cookie sqlite error 1032, errno 0: attempt to write a readonly database, sql: UPDATE cookies SET last_access_utc=? WHERE name=? AND host_key=? AND path=?
[2016:0119/191553.766587:ERROR:database.cc(1709)] Cookie sqlite error 1032, errno 0: attempt to write a readonly database, sql: UPDATE cookies SET last_access_utc=? WHERE name=? AND host_key=? AND path=?
[2016:0119/191953.766854:ERROR:database.cc(1709)] Cookie sqlite error 1032, errno 0: attempt to write a readonly database, sql: UPDATE cookies SET last_access_utc=? WHERE name=? AND host_key=? AND path=?
[2016:0119/191953.766986:ERROR:database.cc(1709)] Cookie sqlite error 1032, errno 0: attempt to write a readonly database, sql: UPDATE cookies SET last_access_utc=? WHERE name=? AND host_key=? AND path=?
[2016:0119/192353.754890:ERROR:database.cc(1709)] Cookie sqlite error 1032, errno 0: attempt to write a readonly database, sql: UPDATE cookies SET last_access_utc=? WHERE name=? AND host_key=? AND path=?
[2016:0119/192353.755055:ERROR:database.cc(1709)] Cookie sqlite error 1032, errno 0: attempt to write a readonly database, sql: UPDATE cookies SET last_access_utc=? WHERE name=? AND host_key=? AND path=?
[2016:0119/192753.743882:ERROR:database.cc(1709)] Cookie sqlite error 1032, errno 0: attempt to write a readonly database, sql: UPDATE cookies SET last_access_utc=? WHERE name=? AND host_key=? AND path=?
[2016:0119/192753.744021:ERROR:database.cc(1709)] Cookie sqlite error 1032, errno 0: attempt to write a readonly database, sql: UPDATE cookies SET last_access_utc=? WHERE name=? AND host_key=? AND path=?
[2016:0119/193153.741224:ERROR:database.cc(1709)] Cookie sqlite error 1032, errno 0: attempt to write a readonly database, sql: UPDATE cookies SET last_access_utc=? WHERE name=? AND host_key=? AND path=?
[2016:0119/193153.741352:ERROR:database.cc(1709)] Cookie sqlite error 1032, errno 0: attempt to write a readonly database, sql: UPDATE cookies SET last_access_utc=? WHERE name=? AND host_key=? AND path=?
[2016:0119/193553.770827:ERROR:database.cc(1709)] Cookie sqlite error 1032, errno 0: attempt to write a readonly database, sql: UPDATE cookies SET last_access_utc=? WHERE name=? AND host_key=? AND path=?
[2016:0119/193553.770980:ERROR:database.cc(1709)] Cookie sqlite error 1032, errno 0: attempt to write a readonly database, sql: UPDATE cookies SET last_access_utc=? WHERE name=? AND host_key=? AND path=?
[2016:0119/193953.756813:ERROR:database.cc(1709)] Cookie sqlite error 1032, errno 0: attempt to write a readonly database, sql: UPDATE cookies SET last_access_utc=? WHERE name=? AND host_key=? AND path=?
[2016:0119/193953.756961:ERROR:database.cc(1709)] Cookie sqlite error 1032, errno 0: attempt to write a readonly database, sql: UPDATE cookies SET last_access_utc=? WHERE name=? AND host_key=? AND path=?
Gdk-Message: 19:42:03.873: skypeforlinux: Fatal IO error 11 (Resource temporarily unavailable) on X server :0.

