|SourceProjectName:MEGA8-Help.hpr
|DestinationProjectName:index.htm
index_hha.hhk
index.hhc
index.hhk
ABI_File_Format.htm
About.htm
Acknowledgements.htm
Adding_Modifying_Genetic_Code_Tables.htm
Adzhubei_et_al_2010.htm
Alignment_Explorer.htm
Alignment_Gaps.htm
Alignment_Gaps_and_Sites_with_Missing_Information.htm
Alignment_Menu.htm
Alignment_Menu_in_Alignment_Explorer.htm
Alignment_session.htm
Amino_Acid.htm
Amino_Acid_Composition.htm
Analysis_Options.htm
Analysis_Preferences_Distance_Computation.htm
Analysis_Preferences_Estimate_Selection_for_each_Codon.htm
Analysis_Preferences_Fisher_s_Exact_Test.htm
Analysis_Preferences_Maximum_Likelihood.htm
Analysis_Preferences_Maximum_Parsimony.htm
Analysis_Preferences_Minimum_Evolution.htm
Analysis_Preferences_NJ_UPGMA.htm
Analysis_Preferences_Pattern_Homogeneity_Analysis.htm
Analysis_Preferences_Z-test_of_Selection.htm
Analyze_and_Prototype_Modes.htm
Analyze_User_Tree_by_Least_Squares.htm
Analyze_User_Tree_by_Maximum_Likelihood.htm
Analyze_User_Tree_by_Parsimony.htm
Autocorrelated_Rates_Test.htm
Average_Menu_in_Distance_Data_Explorer.htm
Average_Menu_in_Distance_Matrix_Explorer.htm
Bifurcating_Tree.htm
Blank_Names_Are_Not_Permitted.htm
Bootstrap_method_to_compute_standard_error_of_distance_estimates.htm
Bootstrap_Test_of_Phylogeny.htm
Branch-and-Bound_algorithm.htm
Branch.htm
Branch_Swap_Filter.htm
Branch_tab_in_Options_dialog_box.htm
Built-in_Genetic_Codes.htm
Calibrate_Timetree_with_Molecular_Clock.htm
Calibration_Dialog.htm
Calibration_File_Format.htm
Change_Font.htm
Citing_MEGA_In_Publications.htm
Close-Neighbor-Interchange.htm
Close-Neighbor-Interchange_CNI.htm
Close_Data.htm
Close_File_in_Text_Editor.htm
ClustalW.htm
Code_Table_Editor.htm
Codon.htm
Codon_Based_Fisher_s_Exact_Test.htm
Codon_Based_Z-Test_large_sample.htm
Codon_Usage.htm
Color_Cells.htm
Comeron_1995.htm
Complete-Deletion_Option.htm
Composition_Distance.htm
Compress_Uncompress.htm
Compute_Between_Groups_Means.htm
Compute_MCL_Substitution_Matrix.htm
Compute_MCL_Transversion_Transition_bias.htm
Compute_Menu_in_Tree_Explorer.htm
Compute_Net_Between_Groups_Means.htm
Compute_Overall_Mean.htm
Compute_Pairwise.htm
Compute_Sequence_Diversity.htm
Compute_Within_Groups_Mean.htm
Computing_statistics_on_only_highlighted_sites_in_Data_Explorer.htm
Computing_the_Gamma_Parameter_a.htm
Concatenation_Utility.htm
Condensed_Tree.htm
Condensed_Trees.htm
Consensus_Tree.htm
Constant_Site.htm
Convert_to_MEGA_Format1.htm
Convert_to_MEGA_Format_Dialog_Box.htm
Convert_to_Mega_Format_in_Text_Editor.htm
Convert_To_MEGA_Format_Main_File_Menu.htm
Converting_Clustal_Format.htm
Converting_FASTA_Format.htm
Converting_GCG_Format.htm
Converting_IG_Format.htm
Converting_MSF_Format.htm
Converting_NBRF_Format.htm
Converting_NEXUS_Format.htm
Converting_Phylip_(Interleaved)_Format.htm
Converting_Phylip_(Non-interleaved)_Format.htm
Converting_PIR_Format.htm
Converting_XML_Format.htm
Copy_in_Text_Editor.htm
Copyright.htm
Cut_in_Text_Editor.htm
Cutoff_Values_Tab.htm
Data_Coverage.htm
Data_Explorer.htm
Data_File_Parsing_Error.htm
Data_Menu.htm
Data_Menu_(Sequence_Data_Explorer).htm
Data_Menu_in_Alignment_Explorer.htm
Dayhoff_1978.htm
Dayhoff_1979.htm
Dayhoff_and_JTT_distances_Gamma_rates.htm
Dayhoff_and_JTT_Models.htm
Dayhoff_JTT_Distance_Could_Not_Be_Computed.htm
DeBry_1992.htm
Defining_Species_and_Populations.htm
Degeneracy.htm
Delete_in_Text_Editor.htm
Diagnose_Mutations.htm
Disclaimer.htm
Disparity_Index.htm
Disparity_Index_Test.htm
Display_Menu_in_Alignment_Explorer.htm
Display_Menu_in_Distance_Data_Explorer.htm
Display_Menu_in_Distance_Matrix_Explorer.htm
Display_Menu_in_Sequence_Data_Explorer.htm
Display_Newick_Tree_From_File.htm
Display_Newick_Trees_from_File.htm
Display_Results_in_XL_CSV_Text.htm
Display_Saved_Tree_Session.htm
Distance_Data_Explorer.htm
Distance_Data_Subset_Selection.htm
Distance_Matrix_Explorer.htm
Distance_Model_Options.htm
Distances_Menu.htm
Divergence_Times_in_the_Outgroup_Cluster_are_not_Visible.htm
Do_BLAST_Search.htm
Domains.htm
Domains_Cannot_Overlap.htm
Dopazo_1994.htm
Eck_and_Dayhoff_1966.htm
Edit_Menu_in_Alignment_Explorer.htm
Editing_Data_Files.htm
Efron_1982.htm
Equal_Input_Correction_Failed.htm
Equal_Input_Model_Amino_acids.htm
Equal_Input_Model_Gamma.htm
Equal_Input_Model_Gamma_rates_and_Heterogeneous_Patterns.htm
Equal_Input_Model_Heterogeneous_Patterns.htm
Estabrook_et_al_1975.htm
Estimate_Gamma_Parameter_for_Site_Rates_(ML).htm
Estimate_Position-by-Position_Rates_ML.htm
Estimate_Rate_Variation_among_Sites_ML.htm
Estimate_Selection_for_each_Codon_HyPhy.htm
Estimate_Substitution_Matrix_ML.htm
Estimate_Transition_Transversion_Bias_ML.htm
Evolutionary_Probabilities.htm
Exit.htm
Exit_Editor_in_Text_Editor.htm
Exon.htm
Export_Data.htm
Export_Data_(Sequence_Data_Explorer).htm
Extant_Taxa.htm
Felsenstein_1978.htm
Felsenstein_1985.htm
Felsenstein_1986.htm
Felsenstein_1988.htm
Felsenstein_1993.htm
Felsenstein_and_Kishino_1993.htm
File_Menu.htm
File_Menu_in_Distance_Data_Explorer.htm
File_Menu_in_Distance_Matrix_Explorer.htm
Filipski_et_al_2014.htm
Find_Again_in_Text_Editor.htm
Find_Best_DNA_Protein_Models_ML.htm
Find_in_Text_Editor.htm
Find_Motif.htm
Find_Next_Motif.htm
Find_Next_Name.htm
Find_Prev_Motif.htm
Find_Prev_Name.htm
Find_Sequence_Name.htm
Finding_the_number_of_sites_in_pairwise_comparisons.htm
First_Time_User.htm
Fisher_s_Exact_Test_Has_Failed.htm
Fitch_1971.htm
Fitch_and_Margoliash_1967.htm
Flip.htm
Font_in_Text_Editor.htm
Format_command.htm
Format_Selected_Sequence.htm
Gamma_distance_Amino_acids.htm
Gamma_Distance_Failed_Because_p_0_99.htm
Gamma_parameter.htm
Gaps_In_Distance_Estimation.htm
Gene.htm
Gene_Duplication_Inference.htm
Gene_Duplication_Wizard.htm
Gene_Names_Must_Be_Unique.htm
Gene_Search_Tab.htm
General_Comments_on_Statistical_Tests.htm
General_Considerations.htm
General_Considerations_(Distance_Data_Format).htm
General_Description.htm
Genetic_Code_Statistical_Attributes.htm
Genetic_Codes.htm
Get_Data_from_Saved_Session.htm
Get_more_information_about_the_codon_based_Z-test_for_selection.htm
Go_to_Line_in_Text_Editor.htm
Goldman_1993.htm
Groups_of_taxa.htm
Gu_and_Zhang_1997.htm
Hedges_et_al_1992.htm
Help_Menu.htm
Hendy_and_Penny_1982.htm
Hendy_and_Penny_1989.htm
Hide_Motif.htm
Hide_Name_Result.htm
Highlight_0-fold_Degenerate_Sites.htm
Highlight_2-fold_Degenerate_Sites.htm
Highlight_4-fold_Degenerate_Sites.htm
Highlight_Conserved_Sites.htm
Highlight_Coverage.htm
Highlight_CpG_TpG_CpA.htm
Highlight_Menu_in_Sequence_Data_Explorer.htm
Highlight_Parsimony_Informative_Sites.htm
Highlight_Singleton_Sites.htm
Highlight_Variable_Sites.htm
Hillis_and_Bull_1993.htm
Hillis_et_al_1996.htm
Hotkeys_and_Shortcut_keys.htm
How_can_I_ignore_the_current_update_available_message_in_MEGA_s_main_window.htm
How_do_I_prevent_the_MEGA_Update_Available_message_showing_up.htm
How_to_Label_Sites.htm
Image_Menu_in_Tree_Explorer.htm
Importing_Data.htm
Inapplicable_Computation_Requested.htm
Include_Sites_Option.htm
Incorrect_Command_Used.htm
Indels.htm
Independent_Sites.htm
Index_1.htm
Inferred_Tree.htm
Inferring_Ancestral_Sequences_ML.htm
Inferring_Ancestral_Sequences_MP.htm
Information_Box.htm
Input_Data_Format_Dialog.htm
Interior_Branch_Test_of_Phylogeny.htm
Introduction.htm
Introduction_to_myPEG.htm
Intron.htm
Invalid_special_symbol_in_molecular_sequences.htm
IUPAC_Single_Letter_Codes.htm
Jones_et_al_1992.htm
Jukes-Cantor_distance.htm
Jukes-Cantor_Distance_Failed.htm
Jukes-Cantor_Gamma_distance.htm
Jukes_and_Cantor_1969.htm
Keywords_for_Command_Statements_(Genes_Domains).htm
Keywords_for_Format_Statement.htm
Keywords_for_Format_Statement_(Sequence_Data).htm
Kimura_1980.htm
Kimura_2-parameter_distance.htm
Kimura_Distance_Failed.htm
Kimura_gamma_distance.htm
Kishino_and_Hasegawa_1989.htm
Kumar_and_Gadagkar_2001.htm
Kumar_et_al_1993.htm
Kumar_et_al_2012.htm
Kumar_et_al_EvoD_2012.htm
Kumar_Method.htm
Labeled_Sites.htm
Labels_tab_in_Options_dialog_box.htm
Lake_1987.htm
Large_Sample_Tests_of_Selection.htm
Le_and_Gascuel_2008.htm
Li-Wu-Luo_Method.htm
Li_1993.htm
Li_1997.htm
Li_et_al_1985.htm
Liu_et_al._2016.htm
LogDet_Distance_Could_Not_Be_Computed.htm
Maddison_and_Maddison_1992.htm
Main_MEGA_Window.htm
Max-mini_branch-and-bound_search.htm
Maximum_Composite_Likelihood.htm
Maximum_Composite_Likelihood_Gamma_Rates.htm
Maximum_Composite_Likelihood_Gamma_Rates_and_Heterogeneous_Patterns.htm
Maximum_Composite_Likelihood_Heterogeneous_Patterns.htm
Maximum_Composite_Likelihood_Method.htm
Maximum_Likelihood_ML.htm
Maximum_Parsimony_Construct_Phylogeny.htm
Maximum_Parsimony_MP_Method.htm
Maximum_Parsimony_Principle.htm
MEGA-CC.htm
MEGA-CC_Overview.htm
MEGA-MDW_Server.htm
MEGA_Analysis_Options_File.htm
MEGA_Software_Development_Team.htm
Menus_in_MEGA_are_so_short_where_are_all_the_options.htm
Mid-point_rooting.htm
Min-mini_algorithm.htm
Minimum_Evolution.htm
Minimum_Evolution_Construct_Phylogeny.htm
Missing_data_or_invalid_distances_in_the_matrix.htm
Miura_et_al_2018.htm
Models_for_estimating_distances.htm
Modified_Nei-Gojobori_Method.htm
Molecular_Clock_Test_ML.htm
Monophyletic.htm
mRNA.htm
Mutation_Detail_View.htm
Mutation_Explorer.htm
NCBI.htm
Nearest-Neighbor-Interchange_NNI.htm
Nei-Gojobori_Method.htm
Nei_1986.htm
Nei_1991.htm
Nei_and_Gojobori_1986.htm
Nei_and_Jin_1989.htm
Nei_and_Kumar_2000.htm
Nei_et_al_1976.htm
Nei_et_al_1985.htm
Nei_et_al_1998.htm
Neighbor-Joining_NJ_Method.htm
Neighbor_Joining_Construct_Phylogeny.htm
New_in_Text_Editor.htm
Newick_Format.htm
No_Common_Sites.htm
No_of_differences_Amino_acids.htm
No_of_differences_Nucleotide.htm
Node.htm
Nonsynonymous_change.htm
Not_Enough_Groups_Selected.htm
Not_Enough_Taxa_Selected.htm
Not_Yet_Implemented.htm
Nucleotide_and_Amino_Acid_Compositions.htm
Nucleotide_Composition.htm
Nucleotide_Pair_Frequencies.htm
OLS_branch_length_estimates.htm
Open_A_File.htm
Open_Data.htm
Open_in_Text_Editor.htm
Open_Saved_Alignment_Session.htm
Options_dialog_box.htm
Options_dialog_box_in_Tree_Explorer.htm
Orthologous_Genes.htm
Out-group.htm
Overview.htm
p-distance_Amino_acids.htm
p-distance_Nucleotide.htm
p_distance_is_found_to_be_1.htm
Page_and_Holmes_1998.htm
Pairwise-deletion_option.htm
Pamilo-Bianchi-Li_Method.htm
Pamilo_and_Bianchi_1993.htm
Pamilo_and_Nei_1988.htm
Parsimony-informative_site.htm
Part_I_Getting_Started\A_Walk_Through_MEGA\Aligning_Sequences.htm
Part_I_Getting_Started\A_Walk_Through_MEGA\Building_Trees_From_Sequence_Data.htm
Part_I_Getting_Started\A_Walk_Through_MEGA\Building_Trees_With_Distance_Data.htm
Part_I_Getting_Started\A_Walk_Through_MEGA\Computing_Sequence_Statistics.htm
Part_I_Getting_Started\A_Walk_Through_MEGA\Constructing_a_Timetree_(ML).htm
Part_I_Getting_Started\A_Walk_Through_MEGA\Constructing_Likelihood_Trees.htm
Part_I_Getting_Started\A_Walk_Through_MEGA\Estimating_Evolutionary_Distances.htm
Part_I_Getting_Started\A_Walk_Through_MEGA\Inferring_Gene_Duplications.htm
Part_I_Getting_Started\A_Walk_Through_MEGA\Managing_Taxa_With_Groups.htm
Part_I_Getting_Started\A_Walk_Through_MEGA\MEGA_Basics.htm
Part_I_Getting_Started\A_Walk_Through_MEGA\Testing_for_Selection.htm
Part_I_Getting_Started\A_Walk_Through_MEGA\Testing_Tree_Reliability.htm
Part_I_Getting_Started\A_Walk_Through_MEGA\Working_With_Genes_and_Domains.htm
Part_I_Getting_Started\Features_and_Support\Guide_to_Notations_Used.htm
Part_I_Getting_Started\Features_and_Support\Reporting_Bugs.htm
Part_I_Getting_Started\Features_and_Support\Technical_Support_and_Updates.htm
Part_I_Getting_Started\Features_and_Support\Using_MEGA_in_the_Classroom.htm
Part_I_Getting_Started\Features_and_Support\What_s_New_In_This_Version.htm
Part_I_Getting_Started\Installing_MEGA\Installing_MEGA.htm
Part_I_Getting_Started\Installing_MEGA\System_Requirements.htm
Part_I_Getting_Started\Installing_MEGA\Uninstalling_MEGA.htm
Part_II_Assembling_Data_For_Analysis\A_Tutorial_on_Sequence_Alignment.htm
Part_II_Assembling_Data_For_Analysis\Aligning_Coding_Sequences_via_Protein_Sequences.htm
Part_II_Assembling_Data_For_Analysis\Building_Sequence_Alignments\BLAST\About_BLAST.htm
Part_II_Assembling_Data_For_Analysis\Building_Sequence_Alignments\BLAST\Using_BLAST_Within_MEGA.htm
Part_II_Assembling_Data_For_Analysis\Building_Sequence_Alignments\ClustalW\About_ClustalW.htm
Part_II_Assembling_Data_For_Analysis\Building_Sequence_Alignments\ClustalW\Clustal_Options_(Protein).htm
Part_II_Assembling_Data_For_Analysis\Building_Sequence_Alignments\ClustalW\ClustalW_Options_(DNA).htm
Part_II_Assembling_Data_For_Analysis\Building_Sequence_Alignments\Introduction_to_Alignment_Explorer.htm
Part_II_Assembling_Data_For_Analysis\Building_Sequence_Alignments\Menu_Items_In_Alignment_Explorer\Data_Menu.htm
Part_II_Assembling_Data_For_Analysis\Building_Sequence_Alignments\Menu_Items_In_Alignment_Explorer\Display_Menu.htm
Part_II_Assembling_Data_For_Analysis\Building_Sequence_Alignments\Menu_Items_In_Alignment_Explorer\Edit_Menu.htm
Part_II_Assembling_Data_For_Analysis\Building_Sequence_Alignments\Menu_Items_In_Alignment_Explorer\Menu_in_Alignment_Explorer.htm
Part_II_Assembling_Data_For_Analysis\Building_Sequence_Alignments\Menu_Items_In_Alignment_Explorer\Search_Menu.htm
Part_II_Assembling_Data_For_Analysis\Building_Sequence_Alignments\Menu_Items_In_Alignment_Explorer\Sequencer_Menu.htm
Part_II_Assembling_Data_For_Analysis\Building_Sequence_Alignments\Menu_Items_In_Alignment_Explorer\Toolbar_in_Alignment_Explorer.htm
Part_II_Assembling_Data_For_Analysis\Building_Sequence_Alignments\Menu_Items_In_Alignment_Explorer\Web_Menu.htm
Part_II_Assembling_Data_For_Analysis\Building_Sequence_Alignments\MUSCLE\About_Muscle.htm
Part_II_Assembling_Data_For_Analysis\Building_Sequence_Alignments\MUSCLE\Muscle_Options_(DNA).htm
Part_II_Assembling_Data_For_Analysis\Building_Sequence_Alignments\MUSCLE\MUSCLE_Options_(Protein).htm
Part_II_Assembling_Data_For_Analysis\Text_Editor_And_Utilities\Convert_to_MEGA_Format.htm
Part_II_Assembling_Data_For_Analysis\Text_Editor_And_Utilities\Format_Selected_Sequence.htm
Part_II_Assembling_Data_For_Analysis\Text_Editor_And_Utilities\Reverse_Complement.htm
Part_II_Assembling_Data_For_Analysis\Text_Editor_And_Utilities\Text_Editor.htm
Part_II_Assembling_Data_For_Analysis\Trace_Data_File_Viewer_Editor.htm
Part_II_Assembling_Data_For_Analysis\Web_Browser_and_Data_Miner.htm
Part_III_Input_Data_Types_and_File_Format\MEGA_Input_Data_File_Formats\General_Conventions\Common_Features.htm
Part_III_Input_Data_Types_and_File_Format\MEGA_Input_Data_File_Formats\General_Conventions\Keywords.htm
Part_III_Input_Data_Types_and_File_Format\MEGA_Input_Data_File_Formats\General_Conventions\Rules_for_Description_Statement.htm
Part_III_Input_Data_Types_and_File_Format\MEGA_Input_Data_File_Formats\General_Conventions\Rules_for_Format_Statement.htm
Part_III_Input_Data_Types_and_File_Format\MEGA_Input_Data_File_Formats\General_Conventions\Rules_for_Taxa_Names.htm
Part_III_Input_Data_Types_and_File_Format\MEGA_Input_Data_File_Formats\General_Conventions\Rules_for_Title_Statement.htm
Part_III_Input_Data_Types_and_File_Format\MEGA_Input_Data_File_Formats\General_Conventions\Writing_Comments.htm
Part_III_Input_Data_Types_and_File_Format\MEGA_Input_Data_File_Formats\MEGA_Format.htm
Part_III_Input_Data_Types_and_File_Format\MEGA_Input_Data_File_Formats\MEGA_Saved_Sessions.htm
Part_IV_Evolutionary_Analyses\Computing_Basic_Statistical_Quantities_For_Sequence_Data\Basic_Sequence_Statistics.htm
Partial-Deletion_Option.htm
Paste_in_Text_Editor.htm
Pattern_Tests.htm
Pauline_and_Henikoff_2003.htm
Penny_and_Hendy_1985.htm
Phylogenetic_Inference.htm
Phylogeny_Menu.htm
Poisson_Correction_Failed_because_p_0_99.htm
Poisson_Correction_PC_distance.htm
Polypeptide.htm
Positive_selection.htm
Prediction_Data_Tab.htm
Preface.htm
Press_et_al_1993.htm
Print_in_Text_Editor.htm
Printer_Setup.htm
Protein_parsimony.htm
Pseudorandom_number_generator.htm
Purdom_et_al_2000.htm
Purifying_selection.htm
Purines.htm
Pyrimidines.htm
Query_Databanks.htm
Quick_Start_Tutorial.htm
Quit_Data_Viewer.htm
Random_addition_trees.htm
Reopen_Data.htm
Reopen_in_Text_Editor.htm
Replace_in_Text_Editor.htm
Restore_Input_Order.htm
Reverse_Complement.htm
Rooted_Tree.htm
RSCU.htm
Running_in_Command-Line_Mode.htm
Rzhetsky_and_Nei_1992.htm
Rzhetsky_and_Nei_1993.htm
Saitou_and_Nei_1987.htm
Sankoff_and_Cedergren_1983.htm
Save_As_in_Text_Editor.htm
Save_Data_Session_To_File.htm
Save_in_Text_Editor.htm
Save_Session_(in_Sequence_Data_Explorer).htm
Scale_Bar_tab_in_Options_dialog_box.htm
Search_Menu_in_Alignment_Explorer.htm
Select_All_in_Text_Editor.htm
Select_Genetic_Code_(in_Sequence_Data_Explorer).htm
Select_Genetic_Code_Table.htm
Select_Genetic_Code_Table_Dialog.htm
Select_Genetic_Code_Tables.htm
Selection_Menu.htm
Sequence_Data_Explorer.htm
Sequence_Data_Explorer_Window.htm
Sequence_Data_Subset_Selection.htm
Sequencer_Menu_in_Alignment_Explorer.htm
Setup_Select_Genes___Domains_(Sequence_Data_Explorer).htm
Setup_Select_Genes_Domains.htm
Setup_Select_Genes_Domains_Dialog.htm
Setup_Select_Taxa_Groups.htm
Setup_Select_Taxa_Groups_Dialog.htm
Setup_Select_Taxa_Groups_in_Sequence_Data_Explorer.htm
Sharp_et_al_1986.htm
Show_Group_Names.htm
Show_Line_Numbers_in_Text_Editor.htm
Show_Only_Selected_Sequences.htm
Show_Sequence_Names.htm
Show_Web_Browser.htm
Singleton_Sites.htm
Site_Label.htm
Sneath_and_Sokal_1973.htm
Sort_Sequences.htm
Sort_Sequences_As_per_Taxa_Group_Organizer.htm
Sort_Sequences_by_Group_and_Sequence_Names.htm
Sort_Sequences_by_Group_Name.htm
Sort_Sequences_By_Sequence_Name.htm
Sourdis_and_Krimbas_1987.htm
Sourdis_and_Nei_1988.htm
Specify_the_coordinate_information_using_the_Sequence_Data_Explorer.htm
Staden.htm
Statements_in_input_files.htm
Statistics_Menu_in_Sequence_Data_Explorer.htm
Studier_and_Keppler_1988.htm
Subtree-Pruning-Regrafting_SPR.htm
Subtree_Drawing_Options_in_Tree_Explorer.htm
Subtree_Menu_in_Tree_Explorer.htm
Swap.htm
Swofford_1993.htm
Swofford_1998.htm
Swofford_et_al_1996.htm
Syn-Nonsynonymous.htm
Synonymous_change.htm
Tajima-Nei_distance.htm
Tajima-Nei_Distance_Could_Not_Be_Computed.htm
Tajima_1983.htm
Tajima_1989.htm
Tajima_1993.htm
Tajima_and_Nei_1982.htm
Tajima_and_Nei_1984.htm
Tajima_Nei_distance_Gamma_rates.htm
Tajima_Nei_Distance_Gamma_Rates_and_Heterogeneous_patterns.htm
Tajima_Nei_Distance_Heterogeneous_patterns.htm
Tajima_s_Test_of_Neutrality.htm
Tajima_s_Test_Relative_Rate.htm
Takahashi_and_Nei_2000.htm
Takezaki_et_al_1995.htm
Tamura-Nei_distance.htm
Tamura-Nei_Distance_Could_Not_Be_Computed.htm
Tamura-Nei_distance_Gamma_rates_and_Heterogeneous_patterns.htm
Tamura-Nei_distance_Heterogeneous_Patterns.htm
Tamura-Nei_gamma_distance.htm
Tamura_1992.htm
Tamura_1992_Distance_Could_Not_Be_Computed.htm
Tamura_1994.htm
Tamura_3-parameter_distance.htm
Tamura_3-parameter_Gamma.htm
Tamura_3_parameter_Gamma_rates_and_Heterogeneous_patterns.htm
Tamura_3_parameter_Heterogeneous_patterns.htm
Tamura_and_Kumar_2002.htm
Tamura_and_Nei_1993.htm
Tamura_et_al_2004.htm
Tamura_et_al_2007.htm
Tamura_et_al_2012.htm
Tanaka_and_Nei_1989.htm
Tao_et_al._2019.htm
Tateno_et_al_1982.htm
Tateno_et_al_1994.htm
Taxa.htm
Time_Tree_Tool.htm
Time_Trees.htm
Toolbars_in_Alignment_Explorer.htm
Topological_distance.htm
Topology.htm
Trace_Data_File_Viewer_Editor.htm
Transition.htm
Transition_Matrix.htm
Transition_Transversion_Ratio_R.htm
Translate_Untranslate_(in_Sequence_Data_Explorer).htm
Translation.htm
Transversion.htm
Tree_Bisection_Reconnection_TBR.htm
Tree_length.htm
Tree_tab_in_Options_dialog_box.htm
Tree_Topology_Editor.htm
TreeExplorer_HC_files\File_Menu_in_Tree_Explorer.htm
TreeExplorer_HC_files\Tree_Explorer.htm
Undo_in_Text_Editor.htm
Unexpected_Error.htm
Unrooted_tree.htm
UPGMA.htm
UPGMA_Construct_Phylogeny.htm
Upload_a_text_file_with_the_coordinate_information_for_all_nSNVs_of_interest.htm
Use_All_Selected_Sites.htm
Use_Identical_Symbol.htm
Use_only_Highlighted_Sites.htm
User_Stopped_Computation.htm
Using_the_Visual_Tool.htm
Variable_site.htm
View_Edit_Sequencer_Files.htm
View_Menu_in_Tree_Explorer.htm
Web_Browser_Data_Miner.htm
Web_Menu_in_Alignment_Explorer.htm
What_is_a_Site_Label_.htm
Why_can_t_I_display_branch_lengths_for_a_bootstrap_consensus_tree.htm
Word_Wrap_in_Text_Editor.htm
Writing_Command_Statement_for_Defining_Genes_and_Domains.htm
Writing_Command_Statements_for_Defining_Groups_of_Taxa.htm
Writing_only_4-fold_degenerate_sites_to_an_output_file.htm
Yang_1999.htm
Zhang_and_Gu_1998.htm
Zhang_et_al_1997.htm
Zhang_et_al_1998.htm
Zuckerkandl_and_Pauling_1965.htm
template\Charcoal_Grey\usersettings.js
index.glo
default.css
FAQs_RH.css
popuprefs_RH.css
TreeExplorer_HC.css
DataExplorerHelp_HC.css
TextEditorHelp_HC.css
ContextHelp_HC.css
DistanceMethods_HC.css
ErrorMessages_HC.css
PhylogeneticTrees_RH.css
CentralDialogBox_HC.css
Glossary_RH.css
myPEG_RH.css
AlnBuilder_HC.css
template\Charcoal_Grey\layout-rtl.css
template\Charcoal_Grey\layout.css
template\Charcoal_Grey\next.png
template\Charcoal_Grey\back_to_topic.png
template\Charcoal_Grey\andsearch_nomark.png
template\Charcoal_Grey\logo.png
template\Charcoal_Grey\search_desktop.png
Glossary_RH_files\image002.gif
tif-img3.png
template\Charcoal_Grey\filter_desktop_applied.png
template\Charcoal_Grey\filter_mobile_applied_active.png
template\Charcoal_Grey\toc_book_closed_mobile_rtl.png
tif-img2.png
img6.png
img5.png
img4.png
img3.png
img2.png
img1.png
image9.gif
image8.gif
image7.gif
image6.gif
image4.gif
image3.gif
image2.gif
template\Charcoal_Grey\slider_ltr.png
template\Charcoal_Grey\remove.png
template\Charcoal_Grey\toc_link_mobile_ltr.png
template\Charcoal_Grey\slider_rtl.png
template\Charcoal_Grey\toc_desktop.png
template\Charcoal_Grey\filter_tab.png
template\Charcoal_Grey\andsearch_mark.png
template\Charcoal_Grey\search_mobile_active.png
template\Charcoal_Grey\index_mobile_active.png
template\Charcoal_Grey\filter_mark_radio.png
template\Charcoal_Grey\filter_mark.png
template\Charcoal_Grey\toc_link_mobile_rtl.png
template\Charcoal_Grey\preview\toc.png
tif-img1.png
template\Charcoal_Grey\toc_book_open_desktop.png
back.gif
prototype-options.png
template\Charcoal_Grey\social_close_ltr.png
template\Charcoal_Grey\toc_book_closed_desktop_ltr.png
template\Charcoal_Grey\toc_book_closed_mobile_ltr.png
template\Charcoal_Grey\glossary_desktop.png
template\Charcoal_Grey\next_tab.png
template\Charcoal_Grey\search_mobile.png
template\Charcoal_Grey\social_close_rtl.png
template\Charcoal_Grey\toc_topic_desktop.png
template\Charcoal_Grey\toc_book_closed_desktop_rtl.png
template\Charcoal_Grey\preview\glossary-mobile.png
DistanceMethods_HC_files\image099.jpg
DistanceMethods_HC_files\image098.jpg
DistanceMethods_HC_files\image096.jpg
DistanceMethods_HC_files\image094.jpg
DistanceMethods_HC_files\image093.jpg
DistanceMethods_HC_files\image092.jpg
DistanceMethods_HC_files\image091.jpg
DistanceMethods_HC_files\image089.jpg
DistanceMethods_HC_files\image087.jpg
DistanceMethods_HC_files\image085.jpg
DistanceMethods_HC_files\image083.jpg
DistanceMethods_HC_files\image081.jpg
DistanceMethods_HC_files\image079.jpg
DistanceMethods_HC_files\image077.jpg
DistanceMethods_HC_files\image075.jpg
DistanceMethods_HC_files\image073.jpg
DistanceMethods_HC_files\image071.jpg
DistanceMethods_HC_files\image069.jpg
DistanceMethods_HC_files\image067.jpg
DistanceMethods_HC_files\image065.jpg
DistanceMethods_HC_files\image063.jpg
DistanceMethods_HC_files\image062.jpg
DistanceMethods_HC_files\image060.jpg
DistanceMethods_HC_files\image058.jpg
DistanceMethods_HC_files\image057.jpg
DistanceMethods_HC_files\image055.jpg
DistanceMethods_HC_files\image053.jpg
DistanceMethods_HC_files\image051.jpg
DistanceMethods_HC_files\image049.jpg
DistanceMethods_HC_files\image047.jpg
DistanceMethods_HC_files\image045.jpg
DistanceMethods_HC_files\image043.jpg
DistanceMethods_HC_files\image042.jpg
DistanceMethods_HC_files\image040.jpg
DistanceMethods_HC_files\image038.jpg
DistanceMethods_HC_files\image036.jpg
DistanceMethods_HC_files\image034.jpg
DistanceMethods_HC_files\image032.jpg
DistanceMethods_HC_files\image030.jpg
DistanceMethods_HC_files\image028.jpg
DistanceMethods_HC_files\image026.jpg
DistanceMethods_HC_files\image024.jpg
DistanceMethods_HC_files\image022.jpg
DistanceMethods_HC_files\image020.jpg
DistanceMethods_HC_files\image019.jpg
DistanceMethods_HC_files\image017.jpg
DistanceMethods_HC_files\image015.jpg
DistanceMethods_HC_files\image013.jpg
DistanceMethods_HC_files\image011.jpg
DistanceMethods_HC_files\image009.jpg
DistanceMethods_HC_files\image007.jpg
DistanceMethods_HC_files\image006.jpg
DistanceMethods_HC_files\image004.jpg
DistanceMethods_HC_files\image002.jpg
template\Charcoal_Grey\slider_open_rtl.png
template\Charcoal_Grey\glossary_tab.png
template\Charcoal_Grey\filter_mobile.png
template\Charcoal_Grey\filter_nomark.png
template\Charcoal_Grey\preview\functionbar-desktop.png
AlnBuilder_HC_files\image083.jpg
AlnBuilder_HC_files\image081.jpg
AlnBuilder_HC_files\image079.jpg
AlnBuilder_HC_files\image077.jpg
AlnBuilder_HC_files\image075.jpg
AlnBuilder_HC_files\image073.jpg
AlnBuilder_HC_files\image071.jpg
AlnBuilder_HC_files\image069.jpg
reltimemenu.png
template\Charcoal_Grey\slider_open_ltr.png
template\Charcoal_Grey\filter_tab_applied_active.png
template\Charcoal_Grey\index_mobile.png
main-tool-bar.png
template\Charcoal_Grey\previous_active.png
template\Charcoal_Grey\search_tab.png
template\Charcoal_Grey\filter_mobile_applied.png
template\Charcoal_Grey\filter_mobile_active.png
template\Charcoal_Grey\toc_mobile_active.png
template\Charcoal_Grey\next_mobile_active.png
template\Charcoal_Grey\previous_mobile.png
template\Charcoal_Grey\filter_nomark_radio.png
template\Charcoal_Grey\preview\functionbar-mobile.png
template\Charcoal_Grey\preview\user-settings.png
template\Charcoal_Grey\print_desktop.png
template\Charcoal_Grey\preview\index-desktop.png
template\Charcoal_Grey\next_tab_active.png
template\Charcoal_Grey\previous_tab_active.png
template\Charcoal_Grey\preview\content.png
template\Charcoal_Grey\filter_tab_applied.png
template\Charcoal_Grey\search_tab_active.png
template\Charcoal_Grey\toc_tab_active.png
template\Charcoal_Grey\glossary_mobile.png
template\Charcoal_Grey\next_mobile.png
template\Charcoal_Grey\filter_clearall.png
template\Charcoal_Grey\preview\toc-mobile.png
template\Charcoal_Grey\preview\sidebar-mobile.png
template\Charcoal_Grey\preview\sidebar-tablet.png
template\Charcoal_Grey\preview\functionbar-tablet.png
template\Charcoal_Grey\search_desktop_active.png
template\Charcoal_Grey\index_tab.png
template\Charcoal_Grey\glossary_mobile_active.png
template\Charcoal_Grey\previous_mobile_active.png
template\Charcoal_Grey\social_open.png
template\Charcoal_Grey\toc_book_open_drildown.png
template\Charcoal_Grey\toc_book_open_mobile.png
template\Charcoal_Grey\preview\social.png
template\Charcoal_Grey\preview\filter.png
template\Charcoal_Grey\preview\glossary-desktop.png
template\Charcoal_Grey\preview\search.png
template\Charcoal_Grey\preview\header.png
template\Charcoal_Grey\previous.png
template\Charcoal_Grey\back_mobile_filter.png
template\Charcoal_Grey\toc_mobile.png
template\Charcoal_Grey\idx_topic.png
template\Charcoal_Grey\toc_topic_mobile.png
template\Charcoal_Grey\preview\filter-mobile.png
template\Charcoal_Grey\toc_link_desktop_ltr.png
template\Charcoal_Grey\top.png
template\Charcoal_Grey\search_desktop_navigation.png
template\Charcoal_Grey\index_tab_active.png
template\Charcoal_Grey\toc_link_desktop_rtl.png
template\Charcoal_Grey\loading.gif
template\Charcoal_Grey\preview\mobile_header.png
Glossary_RH_files\image006.gif
template\Charcoal_Grey\preview\sidebar-desktop.png
myPEG_RH_files\image010.jpg
myPEG_RH_files\image008.jpg
myPEG_RH_files\image006.jpg
myPEG_RH_files\image004.jpg
myPEG_RH_files\image002.jpg
image79.gif
image78.gif
image76.gif
image77.gif
image72.gif
image71.gif
image70.gif
image69.gif
image68.gif
image67.gif
image66.gif
image65.gif
image64.gif
image63.gif
image62.gif
image61.gif
image60.gif
image59.gif
image58.gif
image57.gif
image56.gif
image55.gif
image54.gif
image53.gif
image52.gif
image51.gif
image50.gif
image49.gif
image48.gif
image47.gif
image42.gif
image41.gif
image40.gif
image39.gif
image38.gif
image37.gif
image35.gif
image34.gif
image33.gif
image32.gif
image31.gif
image30.gif
image29.gif
image28.gif
image27.gif
image25.gif
image24.gif
image23.gif
image22.gif
image21.gif
image19.gif
image18.gif
image17.gif
image16.gif
image15.gif
image14.gif
image13.gif
main-form.png
template\Charcoal_Grey\next_active.png
template\Charcoal_Grey\index_desktop.png
template\Charcoal_Grey\toc_tab.png
template\Charcoal_Grey\filter_tab_active.png
template\Charcoal_Grey\previous_tab.png
template\Charcoal_Grey\search_mobile_navigation.png
template\Charcoal_Grey\search_mobile_navigation_active.png
template\Charcoal_Grey\preview\layout-media-queries.png
clip_image002.png
Glossary_RH_files\image004.gif
clip_image067.png
clip_image064.png
clip_image061.png
clip_image058.png
clip_image055.png
clip_image052.png
clip_image049.png
clip_image046.png
clip_image043.png
clip_image040.png
clip_image037.png
clip_image034.png
clip_image031.png
clip_image028.png
clip_image025.jpg
clip_image023.jpg
clip_image021.png
clip_image018.png
clip_image015.png
clip_image012.png
clip_image009.png
clip_image006.png
clip_image003.png
refresh.gif
forward.gif
addToAlignment.gif
template\Charcoal_Grey\filter_desktop.png
template\Charcoal_Grey\glossary_tab_active.png
template\Charcoal_Grey\preview\index-mobile.png
template\Charcoal_Grey\preview\search-desktop.png
RoboHHRE.lng
index.ppf
ehlpdhtm.js
SearchOptions.xml
whxdata\toc2.js
whxdata\toc2.new.js
whxdata\toc3.js
whxdata\toc3.new.js
whxdata\toc4.js
whxdata\toc4.new.js
whxdata\toc5.js
whxdata\toc5.new.js
whxdata\toc1.js
whxdata\toc1.new.js
whxdata\toc7.js
whxdata\toc7.new.js
whxdata\toc9.js
whxdata\toc9.new.js
whxdata\toc10.js
whxdata\toc10.new.js
whxdata\toc11.js
whxdata\toc11.new.js
whxdata\toc12.js
whxdata\toc12.new.js
whxdata\toc13.js
whxdata\toc13.new.js
whxdata\toc8.js
whxdata\toc8.new.js
whxdata\toc6.js
whxdata\toc6.new.js
whxdata\toc16.js
whxdata\toc16.new.js
whxdata\toc18.js
whxdata\toc18.new.js
whxdata\toc19.js
whxdata\toc19.new.js
whxdata\toc20.js
whxdata\toc20.new.js
whxdata\toc17.js
whxdata\toc17.new.js
whxdata\toc22.js
whxdata\toc22.new.js
whxdata\toc21.js
whxdata\toc21.new.js
whxdata\toc23.js
whxdata\toc23.new.js
whxdata\toc15.js
whxdata\toc15.new.js
whxdata\toc25.js
whxdata\toc25.new.js
whxdata\toc24.js
whxdata\toc24.new.js
whxdata\toc26.js
whxdata\toc26.new.js
whxdata\toc29.js
whxdata\toc29.new.js
whxdata\toc30.js
whxdata\toc30.new.js
whxdata\toc32.js
whxdata\toc32.new.js
whxdata\toc31.js
whxdata\toc31.new.js
whxdata\toc33.js
whxdata\toc33.new.js
whxdata\toc34.js
whxdata\toc34.new.js
whxdata\toc28.js
whxdata\toc28.new.js
whxdata\toc27.js
whxdata\toc27.new.js
whxdata\toc35.js
whxdata\toc35.new.js
whxdata\toc38.js
whxdata\toc38.new.js
whxdata\toc39.js
whxdata\toc39.new.js
whxdata\toc40.js
whxdata\toc40.new.js
whxdata\toc37.js
whxdata\toc37.new.js
whxdata\toc36.js
whxdata\toc36.new.js
whxdata\toc42.js
whxdata\toc42.new.js
whxdata\toc41.js
whxdata\toc41.new.js
whxdata\toc14.js
whxdata\toc14.new.js
whxdata\toc44.js
whxdata\toc44.new.js
whxdata\toc48.js
whxdata\toc48.new.js
whxdata\toc50.js
whxdata\toc50.new.js
whxdata\toc49.js
whxdata\toc49.new.js
whxdata\toc47.js
whxdata\toc47.new.js
whxdata\toc52.js
whxdata\toc52.new.js
whxdata\toc53.js
whxdata\toc53.new.js
whxdata\toc51.js
whxdata\toc51.new.js
whxdata\toc54.js
whxdata\toc54.new.js
whxdata\toc46.js
whxdata\toc46.new.js
whxdata\toc55.js
whxdata\toc55.new.js
whxdata\toc45.js
whxdata\toc45.new.js
whxdata\toc57.js
whxdata\toc57.new.js
whxdata\toc59.js
whxdata\toc59.new.js
whxdata\toc58.js
whxdata\toc58.new.js
whxdata\toc61.js
whxdata\toc61.new.js
whxdata\toc60.js
whxdata\toc60.new.js
whxdata\toc63.js
whxdata\toc63.new.js
whxdata\toc62.js
whxdata\toc62.new.js
whxdata\toc65.js
whxdata\toc65.new.js
whxdata\toc66.js
whxdata\toc66.new.js
whxdata\toc64.js
whxdata\toc64.new.js
whxdata\toc67.js
whxdata\toc67.new.js
whxdata\toc68.js
whxdata\toc68.new.js
whxdata\toc56.js
whxdata\toc56.new.js
whxdata\toc69.js
whxdata\toc69.new.js
whxdata\toc70.js
whxdata\toc70.new.js
whxdata\toc72.js
whxdata\toc72.new.js
whxdata\toc73.js
whxdata\toc73.new.js
whxdata\toc71.js
whxdata\toc71.new.js
whxdata\toc75.js
whxdata\toc75.new.js
whxdata\toc76.js
whxdata\toc76.new.js
whxdata\toc77.js
whxdata\toc77.new.js
whxdata\toc74.js
whxdata\toc74.new.js
whxdata\toc78.js
whxdata\toc78.new.js
whxdata\toc43.js
whxdata\toc43.new.js
whxdata\toc80.js
whxdata\toc80.new.js
whxdata\toc82.js
whxdata\toc82.new.js
whxdata\toc83.js
whxdata\toc83.new.js
whxdata\toc84.js
whxdata\toc84.new.js
whxdata\toc85.js
whxdata\toc85.new.js
whxdata\toc81.js
whxdata\toc81.new.js
whxdata\toc86.js
whxdata\toc86.new.js
whxdata\toc88.js
whxdata\toc88.new.js
whxdata\toc87.js
whxdata\toc87.new.js
whxdata\toc79.js
whxdata\toc79.new.js
whxdata\toc89.js
whxdata\toc89.new.js
whxdata\toc92.js
whxdata\toc92.new.js
whxdata\toc93.js
whxdata\toc93.new.js
whxdata\toc94.js
whxdata\toc94.new.js
whxdata\toc95.js
whxdata\toc95.new.js
whxdata\toc96.js
whxdata\toc96.new.js
whxdata\toc97.js
whxdata\toc97.new.js
whxdata\toc98.js
whxdata\toc98.new.js
whxdata\toc99.js
whxdata\toc99.new.js
whxdata\toc100.js
whxdata\toc100.new.js
whxdata\toc101.js
whxdata\toc101.new.js
whxdata\toc102.js
whxdata\toc102.new.js
whxdata\toc103.js
whxdata\toc103.new.js
whxdata\toc91.js
whxdata\toc91.new.js
whxdata\toc104.js
whxdata\toc104.new.js
whxdata\toc90.js
whxdata\toc90.new.js
whxdata\toc105.js
whxdata\toc105.new.js
whxdata\toc106.js
whxdata\toc106.new.js
whxdata\toc107.js
whxdata\toc107.new.js
whxdata\toc.js
whxdata\toc.new.js
whxdata\idata1.js
whxdata\idata1.new.js
whxdata\idata2.js
whxdata\idata2.new.js
whxdata\idata3.js
whxdata\idata3.new.js
whxdata\idata4.js
whxdata\idata4.new.js
whxdata\idata5.js
whxdata\idata5.new.js
whxdata\idata6.js
whxdata\idata6.new.js
whxdata\idata7.js
whxdata\idata7.new.js
whxdata\idata8.js
whxdata\idata8.new.js
whxdata\idata9.js
whxdata\idata9.new.js
whxdata\idata10.js
whxdata\idata10.new.js
whxdata\idata11.js
whxdata\idata11.new.js
whxdata\idata12.js
whxdata\idata12.new.js
whxdata\idata13.js
whxdata\idata13.new.js
whxdata\idata14.js
whxdata\idata14.new.js
whxdata\idata15.js
whxdata\idata15.new.js
whxdata\idata16.js
whxdata\idata16.new.js
whxdata\idata17.js
whxdata\idata17.new.js
whxdata\idata18.js
whxdata\idata18.new.js
whxdata\idata19.js
whxdata\idata19.new.js
whxdata\idata20.js
whxdata\idata20.new.js
whxdata\idata21.js
whxdata\idata21.new.js
whxdata\idata22.js
whxdata\idata22.new.js
whxdata\idata23.js
whxdata\idata23.new.js
whxdata\idata24.js
whxdata\idata24.new.js
whxdata\idata25.js
whxdata\idata25.new.js
whxdata\idata26.js
whxdata\idata26.new.js
whxdata\idata27.js
whxdata\idata27.new.js
whxdata\idata28.js
whxdata\idata28.new.js
whxdata\idata29.js
whxdata\idata29.new.js
whxdata\idata30.js
whxdata\idata30.new.js
whxdata\idata31.js
whxdata\idata31.new.js
whxdata\idata32.js
whxdata\idata32.new.js
whxdata\idata33.js
whxdata\idata33.new.js
whxdata\idata34.js
whxdata\idata34.new.js
whxdata\idata35.js
whxdata\idata35.new.js
whxdata\idata36.js
whxdata\idata36.new.js
whxdata\idata37.js
whxdata\idata37.new.js
whxdata\idata38.js
whxdata\idata38.new.js
whxdata\idata39.js
whxdata\idata39.new.js
whxdata\idata40.js
whxdata\idata40.new.js
whxdata\idata41.js
whxdata\idata41.new.js
whxdata\idata42.js
whxdata\idata42.new.js
whxdata\idata43.js
whxdata\idata43.new.js
whxdata\idata44.js
whxdata\idata44.new.js
whxdata\idata45.js
whxdata\idata45.new.js
whxdata\idata46.js
whxdata\idata46.new.js
whxdata\idata47.js
whxdata\idata47.new.js
whxdata\idata48.js
whxdata\idata48.new.js
whxdata\idata49.js
whxdata\idata49.new.js
whxdata\idata50.js
whxdata\idata50.new.js
whxdata\idata51.js
whxdata\idata51.new.js
whxdata\idata52.js
whxdata\idata52.new.js
whxdata\idata53.js
whxdata\idata53.new.js
whxdata\idata54.js
whxdata\idata54.new.js
whxdata\idata55.js
whxdata\idata55.new.js
whxdata\idata56.js
whxdata\idata56.new.js
whxdata\idata57.js
whxdata\idata57.new.js
whxdata\idata58.js
whxdata\idata58.new.js
whxdata\idata59.js
whxdata\idata59.new.js
whxdata\idata60.js
whxdata\idata60.new.js
whxdata\idata61.js
whxdata\idata61.new.js
whxdata\idata62.js
whxdata\idata62.new.js
whxdata\idata63.js
whxdata\idata63.new.js
whxdata\idata64.js
whxdata\idata64.new.js
whxdata\idata65.js
whxdata\idata65.new.js
whxdata\idata66.js
whxdata\idata66.new.js
whxdata\idata67.js
whxdata\idata67.new.js
whxdata\idata68.js
whxdata\idata68.new.js
whxdata\idata69.js
whxdata\idata69.new.js
whxdata\idx.js
whxdata\idx.new.js
whxdata\gdata1.js
whxdata\gdata1.new.js
whxdata\gdata2.js
whxdata\gdata2.new.js
whxdata\gdata3.js
whxdata\gdata3.new.js
whxdata\gdata4.js
whxdata\gdata4.new.js
whxdata\glo.js
whxdata\glo.new.js
whxdata\package_0_xml.js
whxdata\package_1_xml.js
whxdata\package_2_xml.js
whxdata\package_3_xml.js
whxdata\package_4_xml.js
whxdata\package_5_xml.js
whxdata\package_6_xml.js
whxdata\package_7_xml.js
whxdata\package_8_xml.js
whxdata\package_9_xml.js
whxdata\package_10_xml.js
whxdata\package_11_xml.js
whxdata\package_12_xml.js
whxdata\package_13_xml.js
whxdata\package_14_xml.js
whxdata\package_15_xml.js
whxdata\package_16_xml.js
whxdata\package_17_xml.js
whxdata\package_18_xml.js
whxdata\package_19_xml.js
whxdata\package_20_xml.js
whxdata\package_21_xml.js
whxdata\package_22_xml.js
whxdata\package_23_xml.js
whxdata\package_24_xml.js
whxdata\package_25_xml.js
whxdata\package_26_xml.js
whxdata\package_27_xml.js
whxdata\package_28_xml.js
whxdata\package_29_xml.js
whxdata\package_30_xml.js
whxdata\package_31_xml.js
whxdata\package_32_xml.js
whxdata\package_33_xml.js
whxdata\package_34_xml.js
whxdata\package_35_xml.js
whxdata\package_36_xml.js
whxdata\package_37_xml.js
whxdata\package_38_xml.js
whxdata\package_39_xml.js
whxdata\package_40_xml.js
whxdata\package_41_xml.js
whxdata\package_42_xml.js
whxdata\package_43_xml.js
whxdata\package_44_xml.js
whxdata\package_45_xml.js
whxdata\package_46_xml.js
whxdata\package_47_xml.js
whxdata\package_48_xml.js
whxdata\package_49_xml.js
whxdata\package_50_xml.js
whxdata\package_51_xml.js
whxdata\package_52_xml.js
whxdata\package_53_xml.js
whxdata\package_54_xml.js
whxdata\package_55_xml.js
whxdata\package_56_xml.js
whxdata\package_57_xml.js
whxdata\package_58_xml.js
whxdata\package_59_xml.js
whxdata\package_60_xml.js
whxdata\package_61_xml.js
whxdata\package_62_xml.js
whxdata\package_63_xml.js
whxdata\package_64_xml.js
whxdata\package_65_xml.js
whxdata\package_66_xml.js
whxdata\package_67_xml.js
whxdata\package_68_xml.js
whxdata\package_69_xml.js
whxdata\package_70_xml.js
whxdata\package_71_xml.js
whxdata\package_72_xml.js
whxdata\package_73_xml.js
whxdata\package_74_xml.js
whxdata\package_75_xml.js
whxdata\package_76_xml.js
whxdata\package_77_xml.js
whxdata\package_78_xml.js
whxdata\package_79_xml.js
whxdata\package_80_xml.js
whxdata\package_81_xml.js
whxdata\package_82_xml.js
whxdata\package_83_xml.js
whxdata\package_84_xml.js
whxdata\package_85_xml.js
whxdata\package_86_xml.js
whxdata\package_87_xml.js
whxdata\package_88_xml.js
whxdata\package_89_xml.js
whxdata\package_90_xml.js
whxdata\package_91_xml.js
whxdata\package_92_xml.js
whxdata\package_93_xml.js
whxdata\package_94_xml.js
whxdata\package_95_xml.js
whxdata\package_96_xml.js
whxdata\packageindex_xml.js
whxdata\synonym.xml
whxdata\synonym_xml.js
whxdata\topictable_0_xml.js
whxdata\topictable_1_xml.js
whxdata\topictable_2_xml.js
whxdata\topictable_3_xml.js
whxdata\topictable_4_xml.js
whxdata\topictable_5_xml.js
whxdata\topictable_6_xml.js
whxdata\topictable_7_xml.js
whxdata\topictable_8_xml.js
whxdata\topictable_9_xml.js
whxdata\topictable_10_xml.js
whxdata\topictable_11_xml.js
whxdata\topictable_12_xml.js
whxdata\topictable_13_xml.js
whxdata\topictable_14_xml.js
whxdata\topictableindex_xml.js
whxdata\whfts.xml
whxdata\whfts_xml.js
whxdata\csh.js
whxdata\window.js
projectdata.js
